[2018.05.02-12.45.40:304][  0]Log file open, 05/02/18 15:45:40
[2018.05.02-12.45.40:304][  0]LogInit:Display: Running engine for game: FlyBird
[2018.05.02-12.45.40:304][  0]LogPlatformFile: Not using cached read wrapper
[2018.05.02-12.45.40:304][  0]LogInit:Display: RandInit(1951147676) SRandInit(1951147676).
[2018.05.02-12.45.40:304][  0]LogTaskGraph: Started task graph with 4 named threads and 7 total threads.
[2018.05.02-12.45.40:304][  0]LogStats: Stats thread started at 0.066935
[2018.05.02-12.45.40:304][  0]LogInit: Version: 4.10.4-2872498+++depot+UE4-Releases+4.10
[2018.05.02-12.45.40:304][  0]LogInit: API Version: 2758231
[2018.05.02-12.45.40:304][  0]LogInit: Compiled (64-bit): Feb 18 2016 15:47:04
[2018.05.02-12.45.40:304][  0]LogInit: Compiled with Visual C++: 19.00.23026.00
[2018.05.02-12.45.40:304][  0]LogInit: Build Configuration: Development
[2018.05.02-12.45.40:304][  0]LogInit: Branch Name: ++depot+UE4-Releases+4.10
[2018.05.02-12.45.40:304][  0]LogInit: Command line:  
[2018.05.02-12.45.40:304][  0]LogInit: Base directory: D:/Unreal Engine 4/UE_4.10/Engine/Binaries/Win64/
[2018.05.02-12.45.40:304][  0]LogInit: Rocket: 1
[2018.05.02-12.45.40:333][  0]LogInit: Using libcurl 7.41.0
[2018.05.02-12.45.40:333][  0]LogInit:  - built for x86_64-pc-win32
[2018.05.02-12.45.40:333][  0]LogInit:  - supports SSL with WinSSL
[2018.05.02-12.45.40:333][  0]LogInit:  - other features:
[2018.05.02-12.45.40:333][  0]LogInit:      CURL_VERSION_SSL
[2018.05.02-12.45.40:333][  0]LogInit:      CURL_VERSION_IPV6
[2018.05.02-12.45.40:333][  0]LogInit:      CURL_VERSION_ASYNCHDNS
[2018.05.02-12.45.40:333][  0]LogInit:      CURL_VERSION_LARGEFILE
[2018.05.02-12.45.40:333][  0]LogInit:      CURL_VERSION_IDN
[2018.05.02-12.45.40:333][  0]LogInit:  CurlRequestOptions (configurable via config and command line):
[2018.05.02-12.45.40:333][  0]LogInit:  - bVerifyPeer = true  - Libcurl will verify peer certificate
[2018.05.02-12.45.40:333][  0]LogInit:  - bUseHttpProxy = false  - Libcurl will NOT use HTTP proxy
[2018.05.02-12.45.40:333][  0]LogInit:  - bDontReuseConnections = false  - Libcurl will reuse connections
[2018.05.02-12.45.40:333][  0]LogInit:  - CertBundlePath = nullptr  - Libcurl will use whatever was configured at build time.
[2018.05.02-12.45.40:337][  0]LogInit: Presizing for 0 objects not considered by GC, pre-allocating 0 bytes.
[2018.05.02-12.45.40:342][  0]LogInit: Object subsystem initialized
[2018.05.02-12.45.40:342][  0]LogInit: Selected Device Profile: [Windows]
[2018.05.02-12.45.40:342][  0]LogInit: Applying CVar settings loaded from the selected device profile: [Windows]
[2018.05.02-12.45.40:434][  0]LogInit: Computer: DESKTOP-N5C2FLV
[2018.05.02-12.45.40:434][  0]LogInit: User: Gor
[2018.05.02-12.45.40:434][  0]LogInit: CPU Page size=4096, Cores=4
[2018.05.02-12.45.40:434][  0]LogInit: High frequency timer resolution =2.742187 MHz
[2018.05.02-12.45.40:434][  0]LogMemory: Memory total: Physical=7.9GB (8GB approx)
[2018.05.02-12.45.40:434][  0]LogMemory: Platform Memory Stats for Windows
[2018.05.02-12.45.40:434][  0]LogMemory: Process Physical Memory: 62.75 MB used, 62.75 MB peak
[2018.05.02-12.45.40:434][  0]LogMemory: Process Virtual Memory: 59.60 MB used, 59.60 MB peak
[2018.05.02-12.45.40:434][  0]LogMemory: Physical Memory: 4419.13 MB used, 8076.82 MB total
[2018.05.02-12.45.40:434][  0]LogMemory: Virtual Memory: 424.75 MB used, 134217728.00 MB total
[2018.05.02-12.45.40:472][  0]LogTextLocalizationManager: No translations for ('ru-RU') exist, falling back to 'en' for localization and internationalization data.
[2018.05.02-12.45.40:876][  0]LogD3D11RHI: Found D3D11 adapter 0: NVIDIA GeForce GTX 1050 (Feature Level 11_0)
[2018.05.02-12.45.40:876][  0]LogD3D11RHI: Adapter has 4016MB of dedicated video memory, 0MB of dedicated system memory, and 4038MB of shared system memory, 1 output[s]
[2018.05.02-12.45.40:884][  0]LogD3D11RHI: Found D3D11 adapter 1: Intel(R) HD Graphics 630 (Feature Level 11_0)
[2018.05.02-12.45.40:884][  0]LogD3D11RHI: Adapter has 128MB of dedicated video memory, 0MB of dedicated system memory, and 4038MB of shared system memory, 0 output[s]
[2018.05.02-12.45.40:887][  0]LogD3D11RHI: Found D3D11 adapter 2: Microsoft Basic Render Driver (Feature Level 11_0)
[2018.05.02-12.45.40:887][  0]LogD3D11RHI: Adapter has 0MB of dedicated video memory, 0MB of dedicated system memory, and 4038MB of shared system memory, 0 output[s]
[2018.05.02-12.45.40:887][  0]LogD3D11RHI: Chosen D3D11 Adapter Id = 0
[2018.05.02-12.45.40:892][  0]LogD3D11RHI: !Direct3DDevice
[2018.05.02-12.45.40:892][  0]LogRHI: Texture pool is 1361 MB (70% of 1945 MB)
[2018.05.02-12.45.40:924][  0]LogD3D11RHI: Async texture creation enabled
[2018.05.02-12.45.40:938][  0]LogShaderCompilers: Guid format shader working directory is 6 characters bigger than the processId version (../../../../../Unreal Projects/FlyBird/Intermediate/Shaders/WorkingDirectory/9284/).
[2018.05.02-12.45.40:938][  0]LogShaderCompilers: Cleaned the shader compiler working directory 'C:/Users/Gor/AppData/Local/Temp/UnrealShaderWorkingDir/186A2FBC4E0E5DAF3EA6EBBD65BAAA56/'.
[2018.05.02-12.45.40:938][  0]LogShaderCompilers:Display: Using Local Shader Compiler.
[2018.05.02-12.45.42:472][  0]LogTemp:Display: Loaded TP AllDesktopTargetPlatform
[2018.05.02-12.45.42:476][  0]LogTemp:Display: Loaded TP WindowsClientTargetPlatform
[2018.05.02-12.45.42:482][  0]LogTemp:Display: Loaded TP WindowsNoEditorTargetPlatform
[2018.05.02-12.45.42:486][  0]LogTemp:Display: Loaded TP WindowsServerTargetPlatform
[2018.05.02-12.45.42:490][  0]LogTemp:Display: Loaded TP WindowsTargetPlatform
[2018.05.02-12.45.42:492][  0]LogTemp:Display: Loaded TP AndroidTargetPlatform
[2018.05.02-12.45.42:500][  0]LogTemp:Display: Loaded TP Android_ASTCTargetPlatform
[2018.05.02-12.45.42:504][  0]LogTemp:Display: Loaded TP Android_ATCTargetPlatform
[2018.05.02-12.45.42:509][  0]LogTemp:Display: Loaded TP Android_DXTTargetPlatform
[2018.05.02-12.45.42:514][  0]LogTemp:Display: Loaded TP Android_ETC1TargetPlatform
[2018.05.02-12.45.42:518][  0]LogTemp:Display: Loaded TP Android_ETC2TargetPlatform
[2018.05.02-12.45.42:525][  0]LogTemp:Display: Loaded TP Android_MultiTargetPlatform
[2018.05.02-12.45.42:525][  0]LogTemp:Display: Loaded TP Android_PVRTCTargetPlatform
[2018.05.02-12.45.42:526][  0]LogTemp:Display: Loaded TP HTML5TargetPlatform
[2018.05.02-12.45.42:545][  0]LogTemp:Display: Loaded TP IOSTargetPlatform
[2018.05.02-12.45.42:601][  0]LogTemp:Display: Loaded TP LinuxNoEditorTargetPlatform
[2018.05.02-12.45.42:607][  0]LogTemp:Display: Loaded TP LinuxServerTargetPlatform
[2018.05.02-12.45.42:638][  0]LogTemp:Display: Loaded TP LinuxTargetPlatform
[2018.05.02-12.45.42:663][  0]LogTargetPlatformManager:Display: Building Assets For Windows
[2018.05.02-12.45.43:316][  0]LogDerivedDataCache:Display: Max Cache Size: 512 MB
[2018.05.02-12.45.43:627][  0]LogDerivedDataCache: Loaded boot cache 0.30s 41MB C:/Users/Gor/AppData/Local/UnrealEngine/4.10/DerivedDataCache/Boot.ddc.
[2018.05.02-12.45.43:628][  0]LogDerivedDataCache:Display: Loaded Boot cache: C:/Users/Gor/AppData/Local/UnrealEngine/4.10/DerivedDataCache/Boot.ddc
[2018.05.02-12.45.43:628][  0]LogDerivedDataCache: FDerivedDataBackendGraph:  Pak pak cache file ../../../../../Unreal Projects/FlyBird/DerivedDataCache/DDC.ddp not found, will not use a pak cache.
[2018.05.02-12.45.43:628][  0]LogDerivedDataCache: Unable to find inner node Pak for hierarchical cache Hierarchy.
[2018.05.02-12.45.43:628][  0]LogDerivedDataCache: FDerivedDataBackendGraph:  CompressedPak pak cache file ../../../../../Unreal Projects/FlyBird/DerivedDataCache/Compressed.ddp not found, will not use a pak cache.
[2018.05.02-12.45.43:628][  0]LogDerivedDataCache: Unable to find inner node CompressedPak for hierarchical cache Hierarchy.
[2018.05.02-12.45.43:758][  0]LogDerivedDataCache:Display: Pak cache opened for reading ../../../Engine/DerivedDataCache/Compressed.ddp.
[2018.05.02-12.45.43:779][  0]LogDerivedDataCache: Using Local data cache path C:/Users/Gor/AppData/Local/UnrealEngine/Common/DerivedDataCache: Writable
[2018.05.02-12.45.54:762][  0]LogInit: Selected Device Profile: [Windows]
[2018.05.02-12.45.54:977][  0]LogContentStreaming: Texture pool size is 0.000000MB
[2018.05.02-12.45.57:085][  0]LogMeshUtilities: No automatic mesh reduction module available
[2018.05.02-12.45.57:085][  0]LogMeshUtilities: No automatic mesh merging module available
[2018.05.02-12.46.01:948][  0]LogInit: WinSock: version 1.1 (2.2), MaxSocks=32767, MaxUdp=65467
[2018.05.02-12.46.22:876][  0]UdpMessaging: Initializing bridge on interface 0.0.0.0:0 to multicast group 230.0.0.1:6666.
[2018.05.02-12.46.23:655][  0]LogAssetRegistry: FAssetRegistry took 0.0133 seconds to start up
[2018.05.02-12.46.26:219][  0]SourceControl: Info Source control is disabled
[2018.05.02-12.46.26:233][  0]SourceControl: Info Source control is disabled
[2018.05.02-12.46.26:362][  0]SourceControl: Info Source control is disabled
[2018.05.02-12.46.26:428][  0]SourceControl: Info Source control is disabled
[2018.05.02-12.46.27:770][  0]LogObj: 28633 objects as part of root set at end of initial load.
[2018.05.02-12.46.27:770][  0]LogUObjectAllocator: 6099752 out of 0 bytes used by permanent object pool.
[2018.05.02-12.46.28:754][  0]LogEngine: Initializing Engine...
[2018.05.02-12.46.28:785][  0]LogHMD: Can't find Oculus library dev build: is proper Runtime installed? Version: 0.8.0.0
[2018.05.02-12.46.28:842][  0]LogHMD: SteamVR failed to initialize.  Err: 110
[2018.05.02-12.46.30:101][  0]LogAIModule: Creating AISystem for world NewWorld
[2018.05.02-12.46.30:382][  0]LogInit: XAudio2 using 'Speakers (Realtek High Definition Audio)' : 2 channels at 48 kHz using 32 bits per sample (channel mask 0x3)
[2018.05.02-12.46.30:440][  0]LogInit: FAudioDevice initialized.
[2018.05.02-12.46.30:492][  0]LogDerivedDataCache: Saved boot cache 0.05s 41MB C:/Users/Gor/AppData/Local/UnrealEngine/4.10/DerivedDataCache/Boot.ddc.
[2018.05.02-12.46.30:504][  0]LogInit: Texture streaming: Enabled
[2018.05.02-12.46.30:673][  0]LogAnalytics: Creating configured Analytics provider AnalyticsET
[2018.05.02-12.46.30:717][  0]LogAnalytics: [UEEditor.Rocket.Release] APIServer = http://et2.epicgames.com/ET2/. AppVersion = 4.10.4-2872498+++depot+UE4-Releases+4.10
[2018.05.02-12.46.30:718][  0]LogAnalytics: [UEEditor.Rocket.Release] SetUserId 74523053486195d3ff5e1c967e7d0160|93b5f22a21294e08b5dfc52989ed5a13|b4a3a4d0-7e03-462f-bb38-8ed61a147810
[2018.05.02-12.46.30:744][  0]LogAnalytics: [UEEditor.Rocket.Release] AnalyticsET::StartSession
[2018.05.02-12.46.30:903][  0]LogInit: Transaction tracking system initialized
[2018.05.02-12.46.31:281][  0]BlueprintLog: New page: Editor Load
[2018.05.02-12.46.33:031][  0]LocalizationService: Info Localization service is disabled
[2018.05.02-12.46.34:375][  0]LogConsoleResponse:Display: 
[2018.05.02-12.46.36:341][  0]LogFileCache: Scanning file cache for directory 'D:/Unreal Projects/FlyBird/Content/' took 0.01s
[2018.05.02-12.46.36:341][  0]LogCook:Display: Done creating registry. It took  0.00s.
[2018.05.02-12.46.37:272][  0]SourceControl: Info Source control is disabled
[2018.05.02-12.46.37:330][  0]Cmd: MAP LOAD FILE="../../../../../Unreal Projects/FlyBird/Content/Maps/level1.umap" TEMPLATE=0 SHOWPROGRESS=1 FEATURELEVEL=3
[2018.05.02-12.46.37:350][  0]LightingResults: New page: Lighting Build
[2018.05.02-12.46.37:535][  0]MapCheck: New page: Map Check
[2018.05.02-12.46.37:535][  0]LightingResults: New page: Lighting Build
[2018.05.02-12.46.37:820][  0]LogParticles: Destroying 0 GPU particle simulations for FXSystem 0x000001FA66FB7420
[2018.05.02-12.46.40:119][  0]LogAIModule: Creating AISystem for world level1
[2018.05.02-12.46.40:274][  0]LogPhysics:Warning: AddConvexElemsToRigidActor: [/Game/GameModels/fon_game.fon_game] ConvexElem[0] invalid
[2018.05.02-12.46.40:499][  0]LogEditorServer: Finished looking for orphan Actors (0.000 secs)
[2018.05.02-12.46.40:552][  0]Cmd: MAP CHECKDEP NOCLEARLOG
[2018.05.02-12.46.40:603][  0]MapCheck: Info Map check complete: 0 Error(s), 0 Warning(s), took 51.489ms to complete.
[2018.05.02-12.46.40:603][  0]LogFileHelpers: Loading map 'level1' took 3.294
[2018.05.02-12.46.43:015][  0]LogCrashTracker: Crashtracker disabled due to settings.
[2018.05.02-12.46.43:099][  0]LogWindowsTextInputMethodSystem:Display: IME system now deactivated.
[2018.05.02-12.46.43:282][  0]LogCollectionManager: Loaded 0 collections in 0.010864 seconds
[2018.05.02-12.46.43:575][  0]LogFileCache: Scanning file cache for directory 'D:/Unreal Projects/FlyBird/Saved/Collections/' took 0.01s
[2018.05.02-12.46.43:576][  0]LogFileCache: Scanning file cache for directory 'D:/Unreal Projects/FlyBird/Content/Developers/Gor/Collections/' took 0.01s
[2018.05.02-12.46.43:576][  0]LogFileCache: Scanning file cache for directory 'D:/Unreal Projects/FlyBird/Content/Collections/' took 0.01s
[2018.05.02-12.46.43:576][  0]LogCollectionManager: Rebuilt the GUID cache for 0 collections in 0.000005 seconds
[2018.05.02-12.46.43:623][  0]LogContentBrowser: Native class hierarchy populated in 0.0403 seconds. Added 1894 classes and 340 folders.
[2018.05.02-12.46.43:739][  0]LogContentBrowser: Native class hierarchy updated for 'WidgetCarousel' in 0.0004 seconds. Added 0 classes and 0 folders.
[2018.05.02-12.46.44:487][  0]LogContentBrowser: Native class hierarchy updated for 'AddContentDialog' in 0.0003 seconds. Added 0 classes and 0 folders.
[2018.05.02-12.46.44:585][  0]LogUObjectGlobals:Warning: Failed to find object 'Class None.'
[2018.05.02-12.46.44:676][  0]LogLoad: Full Startup: 65.62 seconds (BP compile: 1.35 seconds)
[2018.05.02-12.46.44:736][  0]LogOcInput: Can't find Oculus library dev build: is proper Runtime installed? Version: 0.8.0.0
[2018.05.02-12.46.45:210][  0]LogContentStreaming: Texture pool size now 1000 MB
[2018.05.02-12.46.45:928][  0]LogRenderer: Reallocating scene render targets to support 1208x916 (Frame:2).
[2018.05.02-12.46.46:579][  8]LogAssetRegistry: Asset discovery search completed in 22.9357 seconds
[2018.05.02-12.46.46:589][  8]LogCollectionManager: Rebuilt the object cache for 0 collections in 0.000001 seconds (found 0 objects)
[2018.05.02-12.46.46:589][  8]LogCollectionManager: Fixed up redirectors for 0 collections in 0.000107 seconds (updated 0 objects)
[2018.05.02-12.49.37:574][404]LogWindowsTextInputMethodSystem:Display: IME system now deactivated.
[2018.05.02-12.49.38:015][405]Cmd: QUIT_EDITOR
[2018.05.02-12.49.38:244][405]LogExit: Preparing to exit.
[2018.05.02-12.49.39:276][405]LogExit: Editor shut down
[2018.05.02-12.49.39:276][405]LogExit: Transaction tracking system shut down
[2018.05.02-12.49.39:829][405]LogParticles: Destroying 0 GPU particle simulations for FXSystem 0x000001FA59549800
[2018.05.02-12.49.39:829][405]LogParticles: Destroying 0 GPU particle simulations for FXSystem 0x000001FA6FD51580
[2018.05.02-12.49.39:829][405]LogParticles: Destroying 0 GPU particle simulations for FXSystem 0x000001FA6FB160C0
[2018.05.02-12.49.39:829][405]LogParticles: Destroying 0 GPU particle simulations for FXSystem 0x000001FA751282C0
[2018.05.02-12.49.39:829][405]LogExit: Object subsystem successfully closed.
[2018.05.02-12.49.39:962][405]LogD3D11RHI: Shutdown
[2018.05.02-12.49.39:962][405]LogD3D11RHI: CleanupD3DDevice
[2018.05.02-12.49.40:056][405]LogD3D11RHI: ~FD3D11DynamicRHI
[2018.05.02-12.49.40:432][405]LogModuleManager: Shutting down and abandoning module ExternalImagePicker (199)
[2018.05.02-12.49.40:432][405]LogModuleManager: Shutting down and abandoning module WidgetCarousel (198)
[2018.05.02-12.49.40:432][405]LogModuleManager: Shutting down and abandoning module AddContentDialog (197)
[2018.05.02-12.49.40:434][405]LogModuleManager: Shutting down and abandoning module EditorWidgets (196)
[2018.05.02-12.49.40:434][405]LogModuleManager: Shutting down and abandoning module CollectionManager (195)
[2018.05.02-12.49.40:434][405]LogModuleManager: Shutting down and abandoning module CrashTracker (194)
[2018.05.02-12.49.40:434][405]LogModuleManager: Shutting down and abandoning module SuperSearch (193)
[2018.05.02-12.49.40:434][405]LogModuleManager: Shutting down and abandoning module SceneOutliner (192)
[2018.05.02-12.49.40:434][405]LogModuleManager: Shutting down and abandoning module StatsViewer (191)
[2018.05.02-12.49.40:434][405]LogModuleManager: Shutting down and abandoning module FoliageEdit (190)
[2018.05.02-12.49.40:435][405]LogModuleManager: Shutting down and abandoning module LandscapeEditor (189)
[2018.05.02-12.49.40:443][405]LogModuleManager: Shutting down and abandoning module ActorPickerMode (188)
[2018.05.02-12.49.40:443][405]LogModuleManager: Shutting down and abandoning module GeometryMode (187)
[2018.05.02-12.49.40:443][405]LogModuleManager: Shutting down and abandoning module TextureAlignMode (186)
[2018.05.02-12.49.40:443][405]LogModuleManager: Shutting down and abandoning module BspMode (185)
[2018.05.02-12.49.40:443][405]LogModuleManager: Shutting down and abandoning module PlacementMode (184)
[2018.05.02-12.49.40:443][405]LogModuleManager: Shutting down and abandoning module AutomationWorker (183)
[2018.05.02-12.49.40:443][405]LogModuleManager: Shutting down and abandoning module CharacterAI (182)
[2018.05.02-12.49.40:443][405]LogModuleManager: Shutting down and abandoning module SmartSnapping (181)
[2018.05.02-12.49.40:443][405]LogModuleManager: Shutting down and abandoning module ViewportSnapping (180)
[2018.05.02-12.49.40:443][405]LogModuleManager: Shutting down and abandoning module LogVisualizer (179)
[2018.05.02-12.49.40:451][405]LogModuleManager: Shutting down and abandoning module GameProjectGeneration (178)
[2018.05.02-12.49.40:477][405]LogModuleManager: Shutting down and abandoning module IntroTutorials (177)
[2018.05.02-12.49.40:477][405]LogModuleManager: Shutting down and abandoning module EditorLiveStreaming (176)
[2018.05.02-12.49.40:477][405]LogModuleManager: Shutting down and abandoning module IOSPlatformEditor (175)
[2018.05.02-12.49.40:477][405]LogModuleManager: Shutting down and abandoning module HTML5PlatformEditor (174)
[2018.05.02-12.49.40:477][405]LogModuleManager: Shutting down and abandoning module AndroidDeviceDetection (173)
[2018.05.02-12.49.41:210][405]LogModuleManager: Shutting down and abandoning module AndroidPlatformEditor (172)
[2018.05.02-12.49.41:210][405]LogModuleManager: Shutting down and abandoning module IOSRuntimeSettings (171)
[2018.05.02-12.49.41:210][405]LogModuleManager: Shutting down and abandoning module AndroidRuntimeSettings (170)
[2018.05.02-12.49.41:210][405]LogModuleManager: Shutting down and abandoning module MergeActors (169)
[2018.05.02-12.49.41:210][405]LogModuleManager: Shutting down and abandoning module SizeMap (168)
[2018.05.02-12.49.41:210][405]LogModuleManager: Shutting down and abandoning module TreeMap (167)
[2018.05.02-12.49.41:210][405]LogModuleManager: Shutting down and abandoning module ReferenceViewer (166)
[2018.05.02-12.49.41:210][405]LogModuleManager: Shutting down and abandoning module LocalizationService (165)
[2018.05.02-12.49.41:210][405]LogModuleManager: Shutting down and abandoning module LocalizationDashboard (164)
[2018.05.02-12.49.41:237][405]LogModuleManager: Shutting down and abandoning module HardwareTargeting (163)
[2018.05.02-12.49.41:237][405]LogModuleManager: Shutting down and abandoning module DeviceProfileEditor (162)
[2018.05.02-12.49.41:237][405]LogModuleManager: Shutting down and abandoning module UndoHistory (161)
[2018.05.02-12.49.41:237][405]LogModuleManager: Shutting down and abandoning module GameplayTagsEditor (160)
[2018.05.02-12.49.41:237][405]LogModuleManager: Shutting down and abandoning module UserFeedback (159)
[2018.05.02-12.49.41:237][405]LogModuleManager: Shutting down and abandoning module XmlParser (158)
[2018.05.02-12.49.41:237][405]LogModuleManager: Shutting down and abandoning module Blutility (157)
[2018.05.02-12.49.41:237][405]LogModuleManager: Shutting down and abandoning module ProjectTargetPlatformEditor (156)
[2018.05.02-12.49.41:237][405]LogModuleManager: Shutting down and abandoning module ProjectSettingsViewer (155)
[2018.05.02-12.49.41:237][405]LogModuleManager: Shutting down and abandoning module InputBindingEditor (154)
[2018.05.02-12.49.41:237][405]LogModuleManager: Shutting down and abandoning module EditorSettingsViewer (153)
[2018.05.02-12.49.41:237][405]LogModuleManager: Shutting down and abandoning module SettingsEditor (152)
[2018.05.02-12.49.41:237][405]LogModuleManager: Shutting down and abandoning module ProjectLauncher (151)
[2018.05.02-12.49.41:301][405]LogModuleManager: Shutting down and abandoning module SessionFrontend (150)
[2018.05.02-12.49.41:301][405]LogModuleManager: Shutting down and abandoning module ProfilerClient (149)
[2018.05.02-12.49.41:312][405]LogModuleManager: Shutting down and abandoning module TargetDeviceServices (148)
[2018.05.02-12.49.41:312][405]LogModuleManager: Shutting down and abandoning module DeviceManager (147)
[2018.05.02-12.49.41:312][405]LogModuleManager: Shutting down and abandoning module AutomationController (146)
[2018.05.02-12.49.41:312][405]LogModuleManager: Shutting down and abandoning module AutomationWindow (145)
[2018.05.02-12.49.41:321][405]LogModuleManager: Shutting down and abandoning module Layers (144)
[2018.05.02-12.49.41:348][405]LogModuleManager: Shutting down and abandoning module ComponentVisualizers (143)
[2018.05.02-12.49.41:348][405]LogModuleManager: Shutting down and abandoning module DetailCustomizations (142)
[2018.05.02-12.49.41:348][405]LogModuleManager: Shutting down and abandoning module PackagesDialog (141)
[2018.05.02-12.49.41:349][405]LogModuleManager: Shutting down and abandoning module Persona (140)
[2018.05.02-12.49.41:375][405]LogModuleManager: Shutting down and abandoning module Kismet (139)
[2018.05.02-12.49.41:375][405]LogModuleManager: Shutting down and abandoning module GraphEditor (138)
[2018.05.02-12.49.41:419][405]LogModuleManager: Shutting down and abandoning module ClassViewer (137)
[2018.05.02-12.49.41:419][405]LogModuleManager: Shutting down and abandoning module Toolbox (136)
[2018.05.02-12.49.41:419][405]LogModuleManager: Shutting down and abandoning module ModuleUI (135)
[2018.05.02-12.49.41:429][405]LogModuleManager: Shutting down and abandoning module MovieSceneTools (134)
[2018.05.02-12.49.41:429][405]LogModuleManager: Shutting down and abandoning module OutputLog (133)
[2018.05.02-12.49.41:429][405]LogModuleManager: Shutting down and abandoning module GammaUI (132)
[2018.05.02-12.49.41:442][405]LogModuleManager: Shutting down and abandoning module Documentation (131)
[2018.05.02-12.49.41:442][405]LogModuleManager: Shutting down and abandoning module GameLiveStreaming (130)
[2018.05.02-12.49.41:442][405]LogModuleManager: Shutting down and abandoning module StreamingPauseRendering (129)
[2018.05.02-12.49.41:442][405]LogModuleManager: Shutting down and abandoning module AnalyticsET (128)
[2018.05.02-12.49.41:442][405]LogModuleManager: Shutting down and abandoning module Analytics (127)
[2018.05.02-12.49.41:442][405]LogModuleManager: Shutting down and abandoning module AITestSuite (126)
[2018.05.02-12.49.41:442][405]LogModuleManager: Shutting down and abandoning module GameplayDebugger (125)
[2018.05.02-12.49.41:442][405]LogModuleManager: Shutting down and abandoning module AIModule (124)
[2018.05.02-12.49.41:442][405]LogModuleManager: Shutting down and abandoning module ProfilerService (123)
[2018.05.02-12.49.41:669][405]LogModuleManager: Shutting down and abandoning module TaskGraph (122)
[2018.05.02-12.49.41:692][405]LogModuleManager: Shutting down and abandoning module SlateRemote (121)
[2018.05.02-12.49.41:693][405]LogModuleManager: Shutting down and abandoning module SteamVRController (120)
[2018.05.02-12.49.41:693][405]LogModuleManager: Shutting down and abandoning module SteamVR (119)
[2018.05.02-12.49.41:693][405]LogModuleManager: Shutting down and abandoning module ProceduralMeshComponent (118)
[2018.05.02-12.49.41:693][405]LogModuleManager: Shutting down and abandoning module OculusLibrary (117)
[2018.05.02-12.49.41:693][405]LogModuleManager: Shutting down and abandoning module OculusInput (116)
[2018.05.02-12.49.41:693][405]LogModuleManager: Shutting down and abandoning module LeapMotionController (115)
[2018.05.02-12.49.41:738][405]LogModuleManager: Shutting down and abandoning module CustomMeshComponent (114)
[2018.05.02-12.49.41:738][405]LogModuleManager: Shutting down and abandoning module CableComponent (113)
[2018.05.02-12.49.41:738][405]LogModuleManager: Shutting down and abandoning module ArchVisCharacter (112)
[2018.05.02-12.49.41:738][405]LogModuleManager: Shutting down and abandoning module MessagingDebugger (111)
[2018.05.02-12.49.41:756][405]LogModuleManager: Shutting down and abandoning module MediaPlayerEditor (110)
[2018.05.02-12.49.41:769][405]LogModuleManager: Shutting down and abandoning module HTML5Networking (109)
[2018.05.02-12.49.41:769][405]LogModuleManager: Shutting down and abandoning module SpeedTreeImporter (108)
[2018.05.02-12.49.41:769][405]LogModuleManager: Shutting down and abandoning module PluginBrowser (107)
[2018.05.02-12.49.41:776][405]LogModuleManager: Shutting down and abandoning module EpicSurvey (106)
[2018.05.02-12.49.41:776][405]LogModuleManager: Shutting down and abandoning module DesktopPlatform (105)
[2018.05.02-12.49.41:786][405]LogModuleManager: Shutting down and abandoning module VisualStudioSourceCodeAccess (104)
[2018.05.02-12.49.41:786][405]LogModuleManager: Shutting down and abandoning module UObjectPlugin (103)
[2018.05.02-12.49.41:786][405]LogModuleManager: Shutting down and abandoning module SubversionSourceControl (102)
[2018.05.02-12.49.41:786][405]LogModuleManager: Shutting down and abandoning module PerforceSourceControl (101)
[2018.05.02-12.49.41:786][405]LogModuleManager: Shutting down and abandoning module SourceControl (100)
[2018.05.02-12.49.41:803][405]LogModuleManager: Shutting down and abandoning module GitSourceControl (99)
[2018.05.02-12.49.41:803][405]LogModuleManager: Shutting down and abandoning module LightPropagationVolumeEditor (98)
[2018.05.02-12.49.41:803][405]LogModuleManager: Shutting down and abandoning module PaperTiledImporter (97)
[2018.05.02-12.49.41:803][405]LogModuleManager: Shutting down and abandoning module PaperSpriteSheetImporter (96)
[2018.05.02-12.49.41:803][405]LogModuleManager: Shutting down and abandoning module MeshPaint (95)
[2018.05.02-12.49.41:803][405]LogModuleManager: Shutting down and abandoning module SlateReflector (94)
[2018.05.02-12.49.41:817][405]LogModuleManager: Shutting down and abandoning module HotReload (93)
[2018.05.02-12.49.41:817][405]LogModuleManager: Shutting down and abandoning module MainFrame (92)
[2018.05.02-12.49.41:817][405]LogModuleManager: Shutting down and abandoning module LevelEditor (91)
[2018.05.02-12.49.41:833][405]LogModuleManager: Shutting down and abandoning module DirectoryWatcher (90)
[2018.05.02-12.49.41:834][405]LogModuleManager: Shutting down and abandoning module AssetRegistry (89)
[2018.05.02-12.49.41:940][405]LogModuleManager: Shutting down and abandoning module ContentBrowser (88)
[2018.05.02-12.49.41:940][405]LogModuleManager: Shutting down and abandoning module Paper2DEditor (87)
[2018.05.02-12.49.41:949][405]LogModuleManager: Shutting down and abandoning module UdpMessaging (86)
[2018.05.02-12.49.42:050][405]LogModuleManager: Shutting down and abandoning module LightPropagationVolumeRuntime (85)
[2018.05.02-12.49.42:050][405]LogModuleManager: Shutting down and abandoning module Paper2D (84)
[2018.05.02-12.49.42:050][405]LogModuleManager: Shutting down and abandoning module WindowsMoviePlayer (83)
[2018.05.02-12.49.42:053][405]LogModuleManager: Shutting down and abandoning module Media (82)
[2018.05.02-12.49.42:053][405]LogModuleManager: Shutting down and abandoning module WmfMedia (81)
[2018.05.02-12.49.42:054][405]LogModuleManager: Shutting down and abandoning module OnlineBlueprintSupport (80)
[2018.05.02-12.49.42:054][405]LogModuleManager: Shutting down and abandoning module GameplayTasksEditor (79)
[2018.05.02-12.49.42:054][405]LogModuleManager: Shutting down and abandoning module PropertyEditor (78)
[2018.05.02-12.49.42:054][405]LogModuleManager: Shutting down and abandoning module BehaviorTreeEditor (77)
[2018.05.02-12.49.42:076][405]LogModuleManager: Shutting down and abandoning module FunctionalTesting (76)
[2018.05.02-12.49.42:076][405]LogModuleManager: Shutting down and abandoning module CollisionAnalyzer (75)
[2018.05.02-12.49.42:076][405]LogModuleManager: Shutting down and abandoning module WorkspaceMenuStructure (74)
[2018.05.02-12.49.42:076][405]LogModuleManager: Shutting down and abandoning module MessageLog (73)
[2018.05.02-12.49.42:076][405]LogModuleManager: Shutting down and abandoning module Sequencer (72)
[2018.05.02-12.49.42:092][405]LogModuleManager: Shutting down and abandoning module AssetTools (71)
[2018.05.02-12.49.42:116][405]LogModuleManager: Shutting down and abandoning module UMGEditor (70)
[2018.05.02-12.49.42:127][405]LogModuleManager: Shutting down and abandoning module UMG (69)
[2018.05.02-12.49.42:152][405]LogModuleManager: Shutting down and abandoning module Slate (68)
[2018.05.02-12.49.42:152][405]LogModuleManager: Shutting down and abandoning module EditorStyle (67)
[2018.05.02-12.49.42:154][405]LogModuleManager: Shutting down and abandoning module SessionServices (66)
[2018.05.02-12.49.42:154][405]LogModuleManager: Shutting down and abandoning module SourceCodeAccess (65)
[2018.05.02-12.49.42:154][405]LogModuleManager: Shutting down and abandoning module HeadMountedDisplay (64)
[2018.05.02-12.49.42:154][405]LogModuleManager: Shutting down and abandoning module XAudio2 (63)
[2018.05.02-12.49.42:154][405]LogModuleManager: Shutting down and abandoning module Networking (61)
[2018.05.02-12.49.42:154][405]LogModuleManager: Shutting down and abandoning module Core (60)
[2018.05.02-12.49.42:154][405]LogModuleManager: Shutting down and abandoning module KismetCompiler (59)
[2018.05.02-12.49.42:154][405]LogModuleManager: Shutting down and abandoning module PhysXFormats (58)
[2018.05.02-12.49.42:154][405]LogModuleManager: Shutting down and abandoning module MeshUtilities (57)
[2018.05.02-12.49.42:187][405]LogModuleManager: Shutting down and abandoning module DerivedDataCache (56)
[2018.05.02-12.49.42:287][405]LogDerivedDataCache: Shutdown
[2018.05.02-12.49.42:287][405]LogModuleManager: Shutting down and abandoning module ShaderFormatOpenGL (55)
[2018.05.02-12.49.42:299][405]LogModuleManager: Shutting down and abandoning module ShaderFormatD3D (54)
[2018.05.02-12.49.42:299][405]LogModuleManager: Shutting down and abandoning module MetalShaderFormat (53)
[2018.05.02-12.49.42:305][405]LogModuleManager: Shutting down and abandoning module TextureFormatUncompressed (52)
[2018.05.02-12.49.42:305][405]LogModuleManager: Shutting down and abandoning module TextureFormatPVR (51)
[2018.05.02-12.49.42:305][405]LogModuleManager: Shutting down and abandoning module TextureFormatIntelISPCTexComp (50)
[2018.05.02-12.49.42:305][405]LogModuleManager: Shutting down and abandoning module TextureFormatDXT (49)
[2018.05.02-12.49.42:305][405]LogModuleManager: Shutting down and abandoning module ImageWrapper (48)
[2018.05.02-12.49.42:305][405]LogModuleManager: Shutting down and abandoning module TextureFormatASTC (47)
[2018.05.02-12.49.42:305][405]LogModuleManager: Shutting down and abandoning module TextureFormatAndroid (46)
[2018.05.02-12.49.42:305][405]LogModuleManager: Shutting down and abandoning module AudioFormatOpus (45)
[2018.05.02-12.49.42:305][405]LogModuleManager: Shutting down and abandoning module AudioFormatOgg (44)
[2018.05.02-12.49.42:305][405]LogModuleManager: Shutting down and abandoning module AudioFormatADPCM (43)
[2018.05.02-12.49.42:305][405]LogModuleManager: Shutting down and abandoning module LinuxTargetPlatform (42)
[2018.05.02-12.49.42:305][405]LogModuleManager: Shutting down and abandoning module LinuxServerTargetPlatform (41)
[2018.05.02-12.49.42:305][405]LogModuleManager: Shutting down and abandoning module LinuxNoEditorTargetPlatform (40)
[2018.05.02-12.49.42:305][405]LogModuleManager: Shutting down and abandoning module Messaging (39)
[2018.05.02-12.49.42:305][405]LogModuleManager: Shutting down and abandoning module IOSTargetPlatform (38)
[2018.05.02-12.49.42:305][405]LogModuleManager: Shutting down and abandoning module HTML5TargetPlatform (37)
[2018.05.02-12.49.42:305][405]LogModuleManager: Shutting down and abandoning module Android_PVRTCTargetPlatform (36)
[2018.05.02-12.49.42:305][405]LogModuleManager: Shutting down and abandoning module Android_MultiTargetPlatform (35)
[2018.05.02-12.49.42:305][405]LogModuleManager: Shutting down and abandoning module Android_ETC2TargetPlatform (34)
[2018.05.02-12.49.42:305][405]LogModuleManager: Shutting down and abandoning module Android_ETC1TargetPlatform (33)
[2018.05.02-12.49.42:305][405]LogModuleManager: Shutting down and abandoning module Android_DXTTargetPlatform (32)
[2018.05.02-12.49.42:305][405]LogModuleManager: Shutting down and abandoning module Android_ATCTargetPlatform (31)
[2018.05.02-12.49.42:305][405]LogModuleManager: Shutting down and abandoning module Android_ASTCTargetPlatform (30)
[2018.05.02-12.49.42:305][405]LogModuleManager: Shutting down and abandoning module AndroidTargetPlatform (29)
[2018.05.02-12.49.42:305][405]LogModuleManager: Shutting down and abandoning module WindowsTargetPlatform (28)
[2018.05.02-12.49.42:305][405]LogModuleManager: Shutting down and abandoning module WindowsServerTargetPlatform (27)
[2018.05.02-12.49.42:305][405]LogModuleManager: Shutting down and abandoning module WindowsNoEditorTargetPlatform (26)
[2018.05.02-12.49.42:305][405]LogModuleManager: Shutting down and abandoning module WindowsClientTargetPlatform (25)
[2018.05.02-12.49.42:305][405]LogModuleManager: Shutting down and abandoning module AllDesktopTargetPlatform (24)
[2018.05.02-12.49.42:305][405]LogModuleManager: Shutting down and abandoning module TargetPlatform (23)
[2018.05.02-12.49.42:305][405]LogModuleManager: Shutting down and abandoning module InputCore (22)
[2018.05.02-12.49.42:305][405]LogModuleManager: Shutting down and abandoning module Settings (21)
[2018.05.02-12.49.42:305][405]LogModuleManager: Shutting down and abandoning module OnlineSubsystem (19)
[2018.05.02-12.49.42:306][405]LogModuleManager: Shutting down and abandoning module HTTP (18)
[2018.05.02-12.52.30:939][405]LogModuleManager: Shutting down and abandoning module XMPP (17)
[2018.05.02-12.52.30:978][405]LogModuleManager: Shutting down and abandoning module OculusRift (16)
[2018.05.02-12.52.31:021][405]LogModuleManager: Shutting down and abandoning module ExampleDeviceProfileSelector (15)
[2018.05.02-12.52.31:021][405]LogModuleManager: Shutting down and abandoning module TextureCompressor (14)
[2018.05.02-12.52.31:032][405]LogModuleManager: Shutting down and abandoning module ShaderCore (13)
[2018.05.02-12.52.31:032][405]LogModuleManager: Shutting down and abandoning module Landscape (12)
[2018.05.02-12.52.31:032][405]LogModuleManager: Shutting down and abandoning module SlateRHIRenderer (11)
[2018.05.02-12.52.31:158][405]LogModuleManager: Shutting down and abandoning module OpenGLDrv (10)
[2018.05.02-12.52.31:285][405]LogModuleManager: Shutting down and abandoning module D3D11RHI (9)
[2018.05.02-12.52.31:286][405]LogModuleManager: Shutting down and abandoning module AnimGraphRuntime (8)
[2018.05.02-12.52.31:292][405]LogModuleManager: Shutting down and abandoning module Renderer (7)
[2018.05.02-12.52.31:292][405]LogModuleManager: Shutting down and abandoning module Engine (6)
[2018.05.02-12.52.31:292][405]LogModuleManager: Shutting down and abandoning module CoreUObject (5)
[2018.05.02-12.52.31:292][405]LogModuleManager: Shutting down and abandoning module NetworkFile (4)
[2018.05.02-12.52.31:318][405]LogModuleManager: Shutting down and abandoning module StreamingFile (3)
[2018.05.02-12.52.31:328][405]LogModuleManager: Shutting down and abandoning module SandboxFile (2)
[2018.05.02-12.52.31:337][405]LogModuleManager: Shutting down and abandoning module PakFile (1)
[2018.05.02-12.52.31:356][405]LogExit: Exiting.
[2018.05.02-12.52.31:403][405]Log file closed, 05/02/18 15:52:31
